0 info it worked if it ends with ok
1 verbose cli [ 'c:\\Program Files\\nodejs\\node.exe',
1 verbose cli   'C:\\Users\\Abraham\\AppData\\Roaming\\npm\\node_modules\\npm\\bin\\npm-cli.js',
1 verbose cli   'run',
1 verbose cli   'lite' ]
2 info using npm@3.3.5
3 info using node@v4.1.1
4 verbose run-script [ 'prelite', 'lite', 'postlite' ]
5 info lifecycle personal-website@1.0.0~prelite: personal-website@1.0.0
6 silly lifecycle personal-website@1.0.0~prelite: no script for prelite, continuing
7 info lifecycle personal-website@1.0.0~lite: personal-website@1.0.0
8 verbose lifecycle personal-website@1.0.0~lite: unsafe-perm in lifecycle true
9 verbose lifecycle personal-website@1.0.0~lite: PATH: C:\Users\Abraham\AppData\Roaming\npm\node_modules\npm\bin\node-gyp-bin;c:\Users\Abraham\documents\github\personalwebsite\node_modules\.bin;c:\Program Files\nodejs\node_modules\npm\bin\node-gyp-bin;c:\Users\Abraham\documents\github\personalwebsite\node_modules\.bin;c:\Users\Abraham\bin;.;C:\Program Files (x86)\Git\local\bin;C:\Program Files (x86)\Git\mingw\bin;C:\Program Files (x86)\Git\bin;c:\ProgramData\Oracle\Java\javapath;c:\Program Files (x86)\Intel\iCLS Client\;c:\Program Files\Intel\iCLS Client\;c:\Windows\system32;c:\Windows;c:\Windows\System32\Wbem;c:\Windows\System32\WindowsPowerShell\v1.0\;c:\Program Files\Intel\Intel(R) Management Engine Components\DAL;c:\Program Files (x86)\Intel\Intel(R) Management Engine Components\DAL;c:\Program Files\Intel\Intel(R) Management Engine Components\IPT;c:\Program Files (x86)\Intel\Intel(R) Management Engine Components\IPT;c:\Program Files (x86)\NVIDIA Corporation\PhysX\Common;c:\Program Files\nodejs\;c:\Program Files (x86)\Skype\Phone\;c:\Ruby187\bin;c:\Program Files (x86)\Java\jre7\bin;c:\Exercism;c:\Users\Abraham\AppData\Roaming\npm;c:\Program Files (x86)\Microsoft VS Code\bin
10 verbose lifecycle personal-website@1.0.0~lite: CWD: c:\Users\Abraham\documents\github\personalwebsite
11 silly lifecycle personal-website@1.0.0~lite: Args: [ '/d /s /c', 'lite-server' ]
12 silly lifecycle personal-website@1.0.0~lite: Returned: code: 1  signal: null
13 info lifecycle personal-website@1.0.0~lite: Failed to exec lite script
14 verbose stack Error: personal-website@1.0.0 lite: `lite-server`
14 verbose stack Exit status 1
14 verbose stack     at EventEmitter.<anonymous> (C:\Users\Abraham\AppData\Roaming\npm\node_modules\npm\lib\utils\lifecycle.js:233:16)
14 verbose stack     at emitTwo (events.js:87:13)
14 verbose stack     at EventEmitter.emit (events.js:172:7)
14 verbose stack     at ChildProcess.<anonymous> (C:\Users\Abraham\AppData\Roaming\npm\node_modules\npm\lib\utils\spawn.js:24:14)
14 verbose stack     at emitTwo (events.js:87:13)
14 verbose stack     at ChildProcess.emit (events.js:172:7)
14 verbose stack     at maybeClose (internal/child_process.js:817:16)
14 verbose stack     at Process.ChildProcess._handle.onexit (internal/child_process.js:211:5)
15 verbose pkgid personal-website@1.0.0
16 verbose cwd c:\Users\Abraham\documents\github\personalwebsite
17 error Windows_NT 6.1.7601
18 error argv "c:\\Program Files\\nodejs\\node.exe" "C:\\Users\\Abraham\\AppData\\Roaming\\npm\\node_modules\\npm\\bin\\npm-cli.js" "run" "lite"
19 error node v4.1.1
20 error npm  v3.3.5
21 error code ELIFECYCLE
22 error personal-website@1.0.0 lite: `lite-server`
22 error Exit status 1
23 error Failed at the personal-website@1.0.0 lite script 'lite-server'.
23 error This is most likely a problem with the personal-website package,
23 error not with npm itself.
23 error Tell the author that this fails on your system:
23 error     lite-server
23 error You can get their info via:
23 error     npm owner ls personal-website
23 error There is likely additional logging output above.
24 verbose exit [ 1, true ]
